Command line:
   dds_isim_beh.exe
     -simmode  gui
     -simrunnum  1
     -socket  50517

Thu Dec 20 18:29:50 2018


 Elaboration Time: 0.171875 sec
 Current Memory Usage: 924.742 Meg

 Total Signals          : 17
 Total Nets             : 80
 Total Signal Drivers   : 6
 Total Blocks           : 2
 Total Primitive Blocks : 2
 Total Processes        : 9
 Total Traceable Variables  : 25
 Total Scalar Nets and Variables : 4496

 Total Simulation Time: 0.25 sec

 Current Memory Usage: 452.096 Meg

Thu Dec 20 21:55:32 2018

8

