Release 14.6 Map P.68d (nt64)
Xilinx Mapping Report File for Design 's6base'

Design Information
------------------
Command Line   : map -intstyle ise -p xc6slx45-csg324-3 -w -logic_opt off -ol
high -t 1 -xt 0 -register_duplication off -r 4 -global_opt off -mt off -ir off
-pr off -lc off -power off -o s6base_map.ncd s6base.ngd s6base.pcf 
Target Device  : xc6slx45
Target Package : csg324
Target Speed   : -3
Mapper Version : spartan6 -- $Revision: 1.55 $
Mapped Date    : Sun Jan 06 03:49:15 2019

Design Summary
--------------
Number of errors:      0
Number of warnings:    0
Slice Logic Utilization:
  Number of Slice Registers:                 1,771 out of  54,576    3%
    Number used as Flip Flops:               1,771
    Number used as Latches:                      0
    Number used as Latch-thrus:                  0
    Number used as AND/OR logics:                0
  Number of Slice LUTs:                      1,314 out of  27,288    4%
    Number used as logic:                    1,183 out of  27,288    4%
      Number using O6 output only:             598
      Number using O5 output only:             117
      Number using O5 and O6:                  468
      Number used as ROM:                        0
    Number used as Memory:                       0 out of   6,408    0%
    Number used exclusively as route-thrus:    131
      Number with same-slice register load:    121
      Number with same-slice carry load:        10
      Number with other load:                    0

Slice Logic Distribution:
  Number of occupied Slices:                   538 out of   6,822    7%
  Number of MUXCYs used:                       704 out of  13,644    5%
  Number of LUT Flip Flop pairs used:        1,874
    Number with an unused Flip Flop:           417 out of   1,874   22%
    Number with an unused LUT:                 560 out of   1,874   29%
    Number of fully used LUT-FF pairs:         897 out of   1,874   47%
    Number of unique control sets:              57
    Number of slice register sites lost
      to control set restrictions:             205 out of  54,576    1%

  A LUT Flip Flop pair for this architecture represents one LUT paired with
  one Flip Flop within a slice.  A control set is a unique combination of
  clock, reset, set, and enable signals for a registered element.
  The Slice Logic Distribution report is not meaningful if the design is
  over-mapped for a non-slice resource or if Placement fails.

IO Utilization:
  Number of bonded IOBs:                        78 out of     218   35%
    Number of LOCed IOBs:                       78 out of      78  100%
    IOB Flip Flops:                             39

Specific Feature Utilization:
  Number of RAMB16BWERs:                         1 out of     116    1%
  Number of RAMB8BWERs:                          0 out of     232    0%
  Number of BUFIO2/BUFIO2_2CLKs:                 1 out of      32    3%
    Number used as BUFIO2s:                      1
    Number used as BUFIO2_2CLKs:                 0
  Number of BUFIO2FB/BUFIO2FB_2CLKs:             1 out of      32    3%
    Number used as BUFIO2FBs:                    1
    Number used as BUFIO2FB_2CLKs:               0
  Number of BUFG/BUFGMUXs:                       3 out of      16   18%
    Number used as BUFGs:                        3
    Number used as BUFGMUX:                      0
  Number of DCM/DCM_CLKGENs:                     1 out of       8   12%
    Number used as DCMs:                         1
    Number used as DCM_CLKGENs:                  0
  Number of ILOGIC2/ISERDES2s:                   2 out of     376    1%
    Number used as ILOGIC2s:                     2
    Number used as ISERDES2s:                    0
  Number of IODELAY2/IODRP2/IODRP2_MCBs:         0 out of     376    0%
  Number of OLOGIC2/OSERDES2s:                  37 out of     376    9%
    Number used as OLOGIC2s:                    37
    Number used as OSERDES2s:                    0
  Number of BSCANs:                              0 out of       4    0%
  Number of BUFHs:                               0 out of     256    0%
  Number of BUFPLLs:                             0 out of       8    0%
  Number of BUFPLL_MCBs:                         0 out of       4    0%
  Number of DSP48A1s:                            0 out of      58    0%
  Number of ICAPs:                               0 out of       1    0%
  Number of MCBs:                                0 out of       2    0%
  Number of PCILOGICSEs:                         0 out of       2    0%
  Number of PLL_ADVs:                            0 out of       4    0%
  Number of PMVs:                                0 out of       1    0%
  Number of STARTUPs:                            0 out of       1    0%
  Number of SUSPEND_SYNCs:                       0 out of       1    0%

Average Fanout of Non-Clock Nets:                3.40

Peak Memory Usage:  4687 MB
Total REAL time to MAP completion:  33 secs 
Total CPU time to MAP completion:   25 secs 

Table of Contents
-----------------
Section 1 - Errors
Section 2 - Warnings
Section 3 - Informational
Section 4 - Removed Logic Summary
Section 5 - Removed Logic
Section 6 - IOB Properties
Section 7 - RPMs
Section 8 - Guide Report
Section 9 - Area Group and Partition Summary
Section 10 - Timing Report
Section 11 - Configuration String Information
Section 12 - Control Set Information
Section 13 - Utilization by Hierarchy

Section 1 - Errors
------------------

Section 2 - Warnings
--------------------

Section 3 - Informational
-------------------------
INFO:LIT:243 - Logical network clockext100MHz_IBUF has no load.
INFO:MapLib:562 - No environment variables are currently set.
INFO:Pack:1716 - Initializing temperature to 85.000 Celsius. (default - Range:
   0.000 to 85.000 Celsius)
INFO:Pack:1720 - Initializing voltage to 1.140 Volts. (default - Range: 1.140 to
   1.260 Volts)
INFO:Map:215 - The Interim Design Summary has been generated in the MAP Report
   (.mrp).
INFO:Pack:1650 - Map created a placed design.
INFO:PhysDesignRules:1861 - To achieve optimal frequency synthesis performance
   with the CLKFX and CLKFX180 outputs of the DCM comp
   clock_bit2x_1/dcm_sp_inst, consult the device Data Sheet.

Section 4 - Removed Logic Summary
---------------------------------
   5 block(s) removed
   2 block(s) optimized away
   2 signal(s) removed

Section 5 - Removed Logic
-------------------------

The trimmed logic report below shows the logic removed from your design due to
sourceless or loadless signals, and VCC or ground connections.  If the removal
of a signal or symbol results in the subsequent removal of an additional signal
or symbol, the message explaining that second removal will be indented.  This
indentation will be repeated as a chain of related logic is removed.

To quickly locate the original cause for the removal of a chain of logic, look
above the place where that logic is listed in the trimming report, then locate
the lines that are least indented (begin at the leftmost edge).

Loadless block "clock_bit2x_1/clkout2_buf" (CKBUF) removed.
 The signal "clock_bit2x_1/clk2x" is loadless and has been removed.
Loadless block "clock_bit2x_1/clkout4_buf" (CKBUF) removed.
Loadless block "dds_carrier_1/Madd_phasereg[19]_phasein[13]_add_3_OUT19" (ROM)
removed.
Loadless block "dds_carrier_1/outsine_0" (SFF) removed.
 The signal "dds_carrier_1/_n0029<0>" is loadless and has been removed.
  Loadless block "dds_carrier_1/Mram_sineLUT12" (ROM) removed.

Optimized Block(s):
TYPE 		BLOCK
GND 		XST_GND
VCC 		XST_VCC

To enable printing of redundant blocks removed and signals merged, set the
detailed map report option and rerun map.

Section 6 - IOB Properties
--------------------------

+---------------------------------------------------------------------------------------------------------------------------------------------------------+
| IOB Name                           | Type             | Direction | IO Standard          | Diff  | Drive    | Slew | Reg (s)      | Resistor | IOB      |
|                                    |                  |           |                      | Term  | Strength | Rate |              |          | Delay    |
+---------------------------------------------------------------------------------------------------------------------------------------------------------+
| BIT_CLK                            | IOB              | INPUT     | LVCMOS25             |       |          |      |              |          |          |
| PMOD1                              | IOB              | OUTPUT    | LVCMOS25             |       | 12       | FAST | OFF          |          |          |
| PMOD2                              | IOB              | OUTPUT    | LVCMOS25             |       | 12       | FAST | OFF          |          |          |
| PMOD3                              | IOB              | OUTPUT    | LVCMOS25             |       | 12       | FAST | OFF          |          |          |
| PMOD4                              | IOB              | OUTPUT    | LVCMOS25             |       | 12       | FAST | OFF          |          |          |
| PMOD7                              | IOB              | OUTPUT    | LVCMOS25             |       | 12       | FAST | OFF          |          |          |
| PMOD8                              | IOB              | OUTPUT    | LVCMOS25             |       | 12       | FAST | OFF          |          |          |
| PMOD9                              | IOB              | OUTPUT    | LVCMOS25             |       | 12       | FAST | OFF          |          |          |
| PMOD10                             | IOB              | OUTPUT    | LVCMOS25             |       | 12       | FAST | OFF          |          |          |
| RESET_N                            | IOB              | OUTPUT    | LVCMOS25             |       | 12       | SLOW |              |          |          |
| SDATA_IN                           | IOB              | INPUT     | LVCMOS25             |       |          |      | IFF          |          |          |
| SDATA_OUT                          | IOB              | OUTPUT    | LVCMOS25             |       | 12       | SLOW | OFF          |          |          |
| SYNC                               | IOB              | OUTPUT    | LVCMOS25             |       | 12       | SLOW | OFF          |          |          |
| VHDC10N                            | IOB              | OUTPUT    | LVCMOS25             |       | 12       | SLOW | OFF          |          |          |
| VHDC10P                            | IOB              | OUTPUT    | LVCMOS25             |       | 12       | SLOW | OFF          |          |          |
| VHDC11N                            | IOB              | OUTPUT    | LVCMOS25             |       | 12       | SLOW | OFF          |          |          |
| VHDC11P                            | IOB              | OUTPUT    | LVCMOS25             |       | 12       | SLOW | OFF          |          |          |
| VHDC12N                            | IOB              | OUTPUT    | LVCMOS25             |       | 12       | SLOW | OFF          |          |          |
| VHDC12P                            | IOB              | OUTPUT    | LVCMOS25             |       | 12       | SLOW | OFF          |          |          |
| VHDC13N                            | IOB              | OUTPUT    | LVCMOS25             |       | 12       | SLOW | OFF          |          |          |
| VHDC13P                            | IOB              | OUTPUT    | LVCMOS25             |       | 12       | SLOW | OFF          |          |          |
| VHDC14N                            | IOB              | OUTPUT    | LVCMOS25             |       | 12       | SLOW | OFF          |          |          |
| VHDC14P                            | IOB              | OUTPUT    | LVCMOS25             |       | 12       | SLOW | OFF          |          |          |
| VHDC15N                            | IOB              | OUTPUT    | LVCMOS25             |       | 12       | SLOW | OFF          |          |          |
| VHDC15P                            | IOB              | OUTPUT    | LVCMOS25             |       | 12       | SLOW | OFF          |          |          |
| VHDC16N                            | IOB              | OUTPUT    | LVCMOS25             |       | 12       | SLOW | OFF          |          |          |
| VHDC16P                            | IOB              | OUTPUT    | LVCMOS25             |       | 12       | SLOW | OFF          |          |          |
| VHDC17N                            | IOB              | OUTPUT    | LVCMOS25             |       | 12       | SLOW | OFF          |          |          |
| VHDC17P                            | IOB              | OUTPUT    | LVCMOS25             |       | 12       | SLOW | OFF          |          |          |
| VHDC18N                            | IOB              | OUTPUT    | LVCMOS25             |       | 12       | SLOW | OFF          |          |          |
| VHDC18P                            | IOB              | OUTPUT    | LVCMOS25             |       | 12       | SLOW | OFF          |          |          |
| VHDC19N                            | IOB              | OUTPUT    | LVCMOS25             |       | 12       | SLOW | OFF          |          |          |
| VHDC19P                            | IOB              | OUTPUT    | LVCMOS25             |       | 12       | SLOW | OFF          |          |          |
| VHDC1N                             | IOB              | OUTPUT    | LVCMOS25             |       | 12       | SLOW |              |          |          |
| VHDC1P                             | IOB              | OUTPUT    | LVCMOS25             |       | 12       | SLOW |              |          |          |
| VHDC20N                            | IOB              | OUTPUT    | LVCMOS25             |       | 12       | SLOW | OFF          |          |          |
| VHDC20P                            | IOB              | OUTPUT    | LVCMOS25             |       | 12       | SLOW | OFF          |          |          |
| VHDC2N                             | IOB              | OUTPUT    | LVCMOS25             |       | 12       | SLOW |              |          |          |
| VHDC2P                             | IOB              | OUTPUT    | LVCMOS25             |       | 12       | SLOW |              |          |          |
| VHDC3N                             | IOB              | OUTPUT    | LVCMOS25             |       | 12       | SLOW |              |          |          |
| VHDC3P                             | IOB              | OUTPUT    | LVCMOS25             |       | 12       | SLOW |              |          |          |
| VHDC4N                             | IOB              | OUTPUT    | LVCMOS25             |       | 12       | SLOW |              |          |          |
| VHDC4P                             | IOB              | OUTPUT    | LVCMOS25             |       | 12       | SLOW |              |          |          |
| VHDC5N                             | IOB              | OUTPUT    | LVCMOS25             |       | 12       | SLOW |              |          |          |
| VHDC5P                             | IOB              | OUTPUT    | LVCMOS25             |       | 12       | SLOW |              |          |          |
| VHDC6N                             | IOB              | OUTPUT    | LVCMOS25             |       | 12       | SLOW |              |          |          |
| VHDC6P                             | IOB              | OUTPUT    | LVCMOS25             |       | 12       | SLOW |              |          |          |
| VHDC7N                             | IOB              | OUTPUT    | LVCMOS25             |       | 12       | SLOW |              |          |          |
| VHDC7P                             | IOB              | OUTPUT    | LVCMOS25             |       | 12       | SLOW |              |          |          |
| VHDC8N                             | IOB              | OUTPUT    | LVCMOS25             |       | 12       | SLOW | OFF          |          |          |
| VHDC8P                             | IOB              | OUTPUT    | LVCMOS25             |       | 12       | SLOW | OFF          |          |          |
| VHDC9N                             | IOB              | OUTPUT    | LVCMOS25             |       | 12       | SLOW | OFF          |          |          |
| VHDC9P                             | IOB              | OUTPUT    | LVCMOS25             |       | 12       | SLOW | OFF          |          |          |
| btnc                               | IOB              | INPUT     | LVCMOS25             |       |          |      |              |          |          |
| btnd                               | IOB              | INPUT     | LVCMOS25             |       |          |      |              |          |          |
| btnl                               | IOB              | INPUT     | LVCMOS25             |       |          |      |              |          |          |
| btnr                               | IOB              | INPUT     | LVCMOS25             |       |          |      |              |          |          |
| btnu                               | IOB              | INPUT     | LVCMOS25             |       |          |      |              |          |          |
| clockext100MHz                     | IOB              | INPUT     | LVCMOS25             |       |          |      |              |          |          |
| ld0                                | IOB              | OUTPUT    | LVCMOS25             |       | 12       | SLOW |              |          |          |
| ld1                                | IOB              | OUTPUT    | LVCMOS25             |       | 12       | SLOW |              |          |          |
| ld2                                | IOB              | OUTPUT    | LVCMOS25             |       | 12       | SLOW |              |          |          |
| ld3                                | IOB              | OUTPUT    | LVCMOS25             |       | 12       | SLOW |              |          |          |
| ld4                                | IOB              | OUTPUT    | LVCMOS25             |       | 12       | SLOW |              |          |          |
| ld5                                | IOB              | OUTPUT    | LVCMOS25             |       | 12       | SLOW |              |          |          |
| ld6                                | IOB              | OUTPUT    | LVCMOS25             |       | 12       | SLOW |              |          |          |
| ld7                                | IOB              | OUTPUT    | LVCMOS25             |       | 12       | SLOW |              |          |          |
| reset_n                            | IOB              | INPUT     | LVCMOS25             |       |          |      |              |          |          |
| rx                                 | IOB              | INPUT     | LVCMOS25             |       |          |      | IFF          |          |          |
| sw0                                | IOB              | INPUT     | LVCMOS25             |       |          |      |              |          |          |
| sw1                                | IOB              | INPUT     | LVCMOS25             |       |          |      |              |          |          |
| sw2                                | IOB              | INPUT     | LVCMOS25             |       |          |      |              |          |          |
| sw3                                | IOB              | INPUT     | LVCMOS25             |       |          |      |              |          |          |
| sw4                                | IOB              | INPUT     | LVCMOS25             |       |          |      |              |          |          |
| sw5                                | IOB              | INPUT     | LVCMOS25             |       |          |      |              |          |          |
| sw6                                | IOB              | INPUT     | LVCMOS25             |       |          |      |              |          |          |
| sw7                                | IOB              | INPUT     | LVCMOS25             |       |          |      |              |          |          |
| tx                                 | IOB              | OUTPUT    | LVCMOS25             |       | 12       | SLOW | OFF          |          |          |
+---------------------------------------------------------------------------------------------------------------------------------------------------------+

Section 7 - RPMs
----------------

Section 8 - Guide Report
------------------------
Guide not run on this design.

Section 9 - Area Group and Partition Summary
--------------------------------------------

Partition Implementation Status
-------------------------------

  No Partitions were found in this design.

-------------------------------

Area Group Information
----------------------

  No area groups were found in this design.

----------------------

Section 10 - Timing Report
--------------------------
A logic-level (pre-route) timing report can be generated by using Xilinx static
timing analysis tools, Timing Analyzer (GUI) or TRCE (command line), with the
mapped NCD and PCF files. Please note that this timing report will be generated
using estimated delay information. For accurate numbers, please generate a
timing report with the post Place and Route NCD file.

For more information about the Timing Analyzer, consult the Xilinx Timing
Analyzer Reference Manual; for more information about TRCE, consult the Xilinx
Command Line Tools User Guide "TRACE" chapter.

Section 11 - Configuration String Details
-----------------------------------------
Use the "-detail" map option to print out Configuration Strings

Section 12 - Control Set Information
------------------------------------
Use the "-detail" map option to print out Control Set Information.

Section 13 - Utilization by Hierarchy
-------------------------------------
Use the "-detail" map option to print out the Utilization by Hierarchy section.
